<?xml version="1.0" encoding="UTF-8"?>
<!-- Generated by org.testng.reporters.JUnitReportReporter -->
<testsuite hostname="sjc-samarnath-mba.arubanetworks.com" name="polymorphism.Polymorphism" tests="1" failures="0" timestamp="28 Dec 2015 22:21:05 GMT" time="0.014" errors="0">
  <testcase name="polymorphysm" time="0.014" classname="polymorphism.Polymorphism"/>
</testsuite> <!-- polymorphism.Polymorphism -->
