<?xml version="1.0" encoding="UTF-8"?>
<!-- Generated by org.testng.reporters.JUnitReportReporter -->
<testsuite hostname="sjc-samarnath-mba.arubanetworks.com" name="threads.usingthread" tests="1" failures="0" timestamp="15 Dec 2015 01:38:48 GMT" time="0.014" errors="0">
  <testcase name="implementThreadUsingThreaad" time="0.014" classname="threads.usingthread"/>
</testsuite> <!-- threads.usingthread -->
