<?xml version="1.0" encoding="UTF-8"?>
<!-- Generated by org.testng.reporters.JUnitReportReporter -->
<testsuite hostname="sjc-samarnath-mba.local" name="learn.Polymorphysm" tests="1" failures="0" timestamp="13 Dec 2015 20:05:10 GMT" time="0.010" errors="0">
  <testcase name="polymorphysm" time="0.010" classname="learn.Polymorphysm"/>
</testsuite> <!-- learn.Polymorphysm -->
