<?xml version="1.0" encoding="UTF-8"?>
<!-- Generated by org.testng.reporters.JUnitReportReporter -->
<testsuite hostname="sjc-samarnath-mba.local" name="constants.test" tests="1" failures="0" timestamp="11 Sep 2016 08:05:37 GMT" time="0.013" errors="0">
  <testcase name="a" time="0.013" classname="constants.test"/>
</testsuite> <!-- constants.test -->
