<?xml version="1.0" encoding="UTF-8"?>
<!-- Generated by org.testng.reporters.JUnitReportReporter -->
<testsuite hostname="sjc-samarnath-mba.arubanetworks.com" name="constants.Testing" tests="1" failures="0" timestamp="30 Dec 2015 01:03:49 GMT" time="0.013" errors="0">
  <testcase name="test1" time="0.013" classname="constants.Testing"/>
</testsuite> <!-- constants.Testing -->
