<?xml version="1.0" encoding="UTF-8"?>
<!-- Generated by org.testng.reporters.JUnitReportReporter -->
<testsuite hostname="sjc-samarnath-mba.arubanetworks.com" name="datastructure.Learn2_LinkedList" tests="1" failures="0" timestamp="15 Dec 2015 21:27:00 GMT" time="0.012" errors="0">
  <testcase name="testArrayList" time="0.012" classname="datastructure.Learn2_LinkedList"/>
</testsuite> <!-- datastructure.Learn2_LinkedList -->
