<?xml version="1.0" encoding="UTF-8"?>
<!-- Generated by org.testng.reporters.JUnitReportReporter -->
<testsuite hostname="sjc-samarnath-mba.local" name="Warehouse" tests="1" failures="0" timestamp="4 Feb 2016 06:32:31 GMT" time="0.067" errors="0">
  <testcase name="test" time="0.067" classname="Warehouse"/>
</testsuite> <!-- Warehouse -->
