<?xml version="1.0" encoding="UTF-8"?>
<!-- Generated by org.testng.reporters.JUnitReportReporter -->
<testsuite hostname="sjc-samarnath-mba.local" name="abstraction.Abstract" tests="1" failures="0" timestamp="14 Dec 2015 01:21:32 GMT" time="0.014" errors="0">
  <testcase name="LearnAbstract" time="0.014" classname="abstraction.Abstract"/>
</testsuite> <!-- abstraction.Abstract -->
