<?xml version="1.0" encoding="UTF-8"?>
<!-- Generated by org.testng.reporters.JUnitReportReporter -->
<testsuite hostname="sjc-samarnath-mba.local" name="polymorphism.Polymorphism" tests="1" failures="0" timestamp="13 Dec 2015 20:07:35 GMT" time="0.011" errors="0">
  <testcase name="polymorphysm" time="0.011" classname="polymorphism.Polymorphism"/>
</testsuite> <!-- polymorphism.Polymorphism -->
