<?xml version="1.0" encoding="UTF-8"?>
<!-- Generated by org.testng.reporters.JUnitReportReporter -->
<testsuite hostname="sjc-samarnath-mba.arubanetworks.com" name="threads.UsingRunnable" tests="1" failures="0" timestamp="15 Dec 2015 01:44:59 GMT" time="0.011" errors="0">
  <testcase name="implementThreadUsingRunnable" time="0.011" classname="threads.UsingRunnable"/>
</testsuite> <!-- threads.UsingRunnable -->
