<?xml version="1.0" encoding="UTF-8"?>
<!-- Generated by org.testng.reporters.JUnitReportReporter -->
<testsuite hostname="sjc-samarnath-mba.local" name="Base8Generator" tests="1" failures="0" timestamp="26 Jul 2016 04:52:17 GMT" time="0.014" errors="0">
  <testcase name="generator" time="0.014" classname="Base8Generator"/>
</testsuite> <!-- Base8Generator -->
