<?xml version="1.0" encoding="UTF-8"?>
<!-- Generated by org.testng.reporters.JUnitReportReporter -->
<testsuite hostname="sjc-samarnath-mba.arubanetworks.com" name="datastructure.Learn5_LinkedHashMap" tests="1" failures="0" timestamp="15 Dec 2015 21:42:16 GMT" time="0.011" errors="0">
  <testcase name="testHashMapArrayList" time="0.011" classname="datastructure.Learn5_LinkedHashMap"/>
</testsuite> <!-- datastructure.Learn5_LinkedHashMap -->
