<?xml version="1.0" encoding="UTF-8"?>
<!-- Generated by org.testng.reporters.JUnitReportReporter -->
<testsuite hostname="sjc-samarnath-mba.local" name="intr.Stringop" tests="1" failures="0" timestamp="6 Sep 2016 02:10:25 GMT" time="0.019" errors="0">
  <testcase name="substring" time="0.019" classname="intr.Stringop"/>
</testsuite> <!-- intr.Stringop -->
