<?xml version="1.0" encoding="UTF-8"?>
<!-- Generated by org.testng.reporters.JUnitReportReporter -->
<testsuite hostname="sjc-samarnath-mba.arubanetworks.com" name="datastructure.ArrayList" tests="1" failures="0" timestamp="15 Dec 2015 21:14:14 GMT" time="0.013" errors="0">
  <testcase name="testArrayList" time="0.013" classname="datastructure.ArrayList"/>
</testsuite> <!-- datastructure.ArrayList -->
