<?xml version="1.0" encoding="UTF-8"?>
<!-- Generated by org.testng.reporters.JUnitReportReporter -->
<testsuite hostname="sjc-samarnath-mba.local" name="JSONTest" tests="1" failures="0" timestamp="6 Feb 2016 23:58:45 GMT" time="0.016" errors="0">
  <testcase name="test" time="0.016" classname="JSONTest"/>
</testsuite> <!-- JSONTest -->
