<?xml version="1.0" encoding="UTF-8"?>
<!-- Generated by org.testng.reporters.JUnitReportReporter -->
<testsuite hostname="sjc-samarnath-mba.local" name="abstractmorphism.Polymorphism" tests="1" failures="0" timestamp="11 Sep 2016 06:30:37 GMT" time="0.011" errors="0">
  <testcase name="polymorphysm" time="0.011" classname="abstractmorphism.Polymorphism"/>
</testsuite> <!-- abstractmorphism.Polymorphism -->
