<?xml version="1.0" encoding="UTF-8"?>
<!-- Generated by org.testng.reporters.JUnitReportReporter -->
<testsuite hostname="sjc-samarnath-mba.arubanetworks.com" name="datastructure.Learn7_SortingLists" tests="2" failures="0" timestamp="15 Dec 2015 21:53:55 GMT" time="0.013" errors="0">
  <testcase name="testHashMapArrayList" time="0.012" classname="datastructure.Learn7_SortingLists"/>
  <testcase name="testHashMapArrayList2" time="0.001" classname="datastructure.Learn7_SortingLists"/>
</testsuite> <!-- datastructure.Learn7_SortingLists -->
