<?xml version="1.0" encoding="UTF-8"?>
<!-- Generated by org.testng.reporters.JUnitReportReporter -->
<testsuite hostname="sjc-samarnath-mba.local" name="datastructure.linkedlist.test" tests="1" failures="0" timestamp="9 Sep 2016 00:24:46 GMT" time="0.011" errors="0">
  <testcase name="linkedlistTest" time="0.011" classname="datastructure.linkedlist.test"/>
</testsuite> <!-- datastructure.linkedlist.test -->
