<?xml version="1.0" encoding="UTF-8"?>
<!-- Generated by org.testng.reporters.JUnitReportReporter -->
<testsuite hostname="sjc-samarnath-mba.local" name="datastructure.Learn2_LinkedList" tests="1" failures="0" timestamp="8 Sep 2016 23:47:42 GMT" time="0.011" errors="0">
  <testcase name="testArrayList" time="0.011" classname="datastructure.Learn2_LinkedList"/>
</testsuite> <!-- datastructure.Learn2_LinkedList -->
