<?xml version="1.0" encoding="UTF-8"?>
<!-- Generated by org.testng.reporters.JUnitReportReporter -->
<testsuite hostname="sjc-samarnath-mba.arubanetworks.com" name="datastructure.Learn3_HashMap" tests="1" failures="0" timestamp="15 Dec 2015 21:42:26 GMT" time="0.012" errors="0">
  <testcase name="testHashMapArrayList" time="0.012" classname="datastructure.Learn3_HashMap"/>
</testsuite> <!-- datastructure.Learn3_HashMap -->
