<?xml version="1.0" encoding="UTF-8"?>
<!-- Generated by org.testng.reporters.JUnitReportReporter -->
<testsuite hostname="sjc-samarnath-mba.arubanetworks.com" name="datastructure.ArraytList" tests="1" failures="0" timestamp="15 Dec 2015 21:23:39 GMT" time="0.012" errors="0">
  <testcase name="testArrayList" time="0.012" classname="datastructure.ArraytList"/>
</testsuite> <!-- datastructure.ArraytList -->
