<?xml version="1.0" encoding="UTF-8"?>
<!-- Generated by org.testng.reporters.JUnitReportReporter -->
<testsuite hostname="sjc-samarnath-mba.local" name="abstraction.Abstract" tests="1" failures="0" timestamp="11 Sep 2016 06:33:12 GMT" time="0.012" errors="0">
  <testcase name="LearnAbstract" time="0.012" classname="abstraction.Abstract"/>
</testsuite> <!-- abstraction.Abstract -->
