<?xml version="1.0" encoding="UTF-8"?>
<!-- Generated by org.testng.reporters.JUnitReportReporter -->
<testsuite hostname="sjc-samarnath-mba.local" name="testLogic.TestLogic" tests="1" failures="0" timestamp="1 Aug 2016 19:15:57 GMT" time="0.015" errors="0">
  <testcase name="convertStringToMac" time="0.015" classname="testLogic.TestLogic"/>
</testsuite> <!-- testLogic.TestLogic -->
